{
  "stats": {
    "suites": 1,
    "tests": 4,
    "passes": 4,
    "pending": 0,
    "failures": 0,
    "start": "2021-05-11T10:35:31.239Z",
    "end": "2021-05-11T10:35:33.986Z",
    "duration": 2747,
    "testsRegistered": 4,
    "passPercent": 100,
    "pendingPercent": 0,
    "other": 0,
    "hasOther": false,
    "skipped": 0,
    "hasSkipped": false
  },
  "results": [
    {
      "uuid": "f9e9cada-1c60-4e83-a171-ed8d15897900",
      "title": "",
      "fullFile": "cypress/integration/sample.spec.js",
      "file": "cypress/integration/sample.spec.js",
      "beforeHooks": [],
      "afterHooks": [],
      "tests": [],
      "suites": [
        {
          "uuid": "1d8e8199-4016-4d91-8fc6-f50e5f984c36",
          "title": "Test Marvel API",
          "fullFile": "",
          "file": "",
          "beforeHooks": [],
          "afterHooks": [],
          "tests": [
            {
              "title": "Check by total characters",
              "fullTitle": "Test Marvel API Check by total characters",
              "timedOut": null,
              "duration": 1751,
              "state": "passed",
              "speed": "slow",
              "pass": true,
              "fail": false,
              "pending": false,
              "context": null,
              "code": "cy.request('GET', `https://gateway.marvel.com:443/v1/public/characters?ts=${ts}&apikey=${publicKey}&hash=${hash}`).then(res => {\n  expect(res.body.data).to.have.property('total', 1493);\n  expect(res.body).to.have.property('code', 200);\n});",
              "err": {},
              "uuid": "b9c47d38-2bb2-4372-bfdc-37282b0716c4",
              "parentUUID": "1d8e8199-4016-4d91-8fc6-f50e5f984c36",
              "isHook": false,
              "skipped": false
            },
            {
              "title": "Check specific character",
              "fullTitle": "Test Marvel API Check specific character",
              "timedOut": null,
              "duration": 291,
              "state": "passed",
              "speed": "slow",
              "pass": true,
              "fail": false,
              "pending": false,
              "context": null,
              "code": "const characterId = '1009148';\nconst name = 'Absorbing Man';\ncy.request('GET', `https://gateway.marvel.com:443/v1/public/characters/${characterId}?ts=${ts}&apikey=${publicKey}&hash=${hash}`).then(res => {\n  expect(res.body.data.results[0]).to.have.property('name', name);\n  expect(res.body).to.have.property('code', 200);\n});",
              "err": {},
              "uuid": "30637dcc-cded-46c8-99f4-c193c2a0aec2",
              "parentUUID": "1d8e8199-4016-4d91-8fc6-f50e5f984c36",
              "isHook": false,
              "skipped": false
            },
            {
              "title": "Check specific character by total comics",
              "fullTitle": "Test Marvel API Check specific character by total comics",
              "timedOut": null,
              "duration": 410,
              "state": "passed",
              "speed": "slow",
              "pass": true,
              "fail": false,
              "pending": false,
              "context": null,
              "code": "const characterId = '1009148';\nconst total = 91;\ncy.request('GET', `https://gateway.marvel.com:443/v1/public/characters/${characterId}/comics?ts=${ts}&apikey=${publicKey}&hash=${hash}`).then(res => {\n  expect(res.body.data).to.have.property('total', total);\n  expect(res.body).to.have.property('code', 200);\n});",
              "err": {},
              "uuid": "02869d72-4c3a-481c-988b-d7c3f44cac56",
              "parentUUID": "1d8e8199-4016-4d91-8fc6-f50e5f984c36",
              "isHook": false,
              "skipped": false
            },
            {
              "title": "Check specific comics",
              "fullTitle": "Test Marvel API Check specific comics",
              "timedOut": null,
              "duration": 243,
              "state": "passed",
              "speed": "slow",
              "pass": true,
              "fail": false,
              "pending": false,
              "context": null,
              "code": "const comicsId = '82967';\nconst title = 'Marvel Previews (2017)';\ncy.request('GET', `https://gateway.marvel.com:443/v1/public/comics/${comicsId}?ts=${ts}&apikey=${publicKey}&hash=${hash}`).then(res => {\n  expect(res.body.data.results[0]).to.have.property('title', title);\n  expect(res.body).to.have.property('code', 200);\n});",
              "err": {},
              "uuid": "80a73c75-7c5a-42ea-baef-c83f17dac65a",
              "parentUUID": "1d8e8199-4016-4d91-8fc6-f50e5f984c36",
              "isHook": false,
              "skipped": false
            }
          ],
          "suites": [],
          "passes": [
            "b9c47d38-2bb2-4372-bfdc-37282b0716c4",
            "30637dcc-cded-46c8-99f4-c193c2a0aec2",
            "02869d72-4c3a-481c-988b-d7c3f44cac56",
            "80a73c75-7c5a-42ea-baef-c83f17dac65a"
          ],
          "failures": [],
          "pending": [],
          "skipped": [],
          "duration": 2695,
          "root": false,
          "rootEmpty": false,
          "_timeout": 2000
        }
      ],
      "passes": [],
      "failures": [],
      "pending": [],
      "skipped": [],
      "duration": 0,
      "root": true,
      "rootEmpty": true,
      "_timeout": 2000
    }
  ],
  "meta": {
    "mocha": {
      "version": "7.0.1"
    },
    "mochawesome": {
      "options": {
        "quiet": false,
        "reportFilename": "mochawesome",
        "saveHtml": false,
        "saveJson": true,
        "consoleReporter": "spec",
        "useInlineDiffs": false,
        "code": true
      },
      "version": "6.2.2"
    },
    "marge": {
      "options": {
        "id": "default",
        "reportDir": "cypress/reports/mocha",
        "quite": false,
        "overwrite": true,
        "html": false,
        "json": true
      },
      "version": "5.2.0"
    }
  }
}