{
  "stats": {
    "suites": 1,
    "tests": 5,
    "passes": 4,
    "pending": 0,
    "failures": 1,
    "start": "2021-05-11T09:18:50.919Z",
    "end": "2021-05-11T09:18:55.916Z",
    "duration": 4873,
    "testsRegistered": 5,
    "passPercent": 80,
    "pendingPercent": 0,
    "other": 0,
    "hasOther": false,
    "skipped": 0,
    "hasSkipped": false
  },
  "results": [
    {
      "uuid": "b073bf88-dd29-4b35-9743-16560b7d2880",
      "title": "",
      "fullFile": "cypress/integration/sample.spec.js",
      "file": "cypress/integration/sample.spec.js",
      "beforeHooks": [],
      "afterHooks": [],
      "tests": [],
      "suites": [
        {
          "uuid": "2eec380c-56f0-4554-8570-72920e28758f",
          "title": "Test Marvel API",
          "fullFile": "",
          "file": "",
          "beforeHooks": [],
          "afterHooks": [],
          "tests": [
            {
              "title": "Check by total characters",
              "fullTitle": "Test Marvel API Check by total characters",
              "timedOut": null,
              "duration": 2205,
              "state": "passed",
              "speed": "slow",
              "pass": true,
              "fail": false,
              "pending": false,
              "context": null,
              "code": "cy.request('GET', `https://gateway.marvel.com:443/v1/public/characters?ts=${ts}&apikey=${publicKey}&hash=${hash}`).then(res => {\n  expect(res.body.data).to.have.property('total', 1493);\n  expect(res.body).to.have.property('code', 200);\n});",
              "err": {},
              "uuid": "28495b2f-100b-4d84-ab39-981a1cfcff1d",
              "parentUUID": "2eec380c-56f0-4554-8570-72920e28758f",
              "isHook": false,
              "skipped": false
            },
            {
              "title": "Check specific character",
              "fullTitle": "Test Marvel API Check specific character",
              "timedOut": null,
              "duration": 253,
              "state": "passed",
              "speed": "slow",
              "pass": true,
              "fail": false,
              "pending": false,
              "context": null,
              "code": "const characterId = '1009148';\nconst name = 'Absorbing Man';\ncy.request('GET', `https://gateway.marvel.com:443/v1/public/characters/${characterId}?ts=${ts}&apikey=${publicKey}&hash=${hash}`).then(res => {\n  expect(res.body.data.results[0]).to.have.property('name', name);\n  expect(res.body).to.have.property('code', 200);\n});",
              "err": {},
              "uuid": "ebf642b5-0247-4f5a-8dee-de8a7dba0a7a",
              "parentUUID": "2eec380c-56f0-4554-8570-72920e28758f",
              "isHook": false,
              "skipped": false
            },
            {
              "title": "Check specific character by total comics",
              "fullTitle": "Test Marvel API Check specific character by total comics",
              "timedOut": null,
              "duration": 409,
              "state": "passed",
              "speed": "slow",
              "pass": true,
              "fail": false,
              "pending": false,
              "context": null,
              "code": "const characterId = '1009148';\nconst total = 91;\ncy.request('GET', `https://gateway.marvel.com:443/v1/public/characters/${characterId}/comics?ts=${ts}&apikey=${publicKey}&hash=${hash}`).then(res => {\n  expect(res.body.data).to.have.property('total', total);\n  expect(res.body).to.have.property('code', 200);\n});",
              "err": {},
              "uuid": "87c6a524-134e-4adc-93b0-13fb3c178f8e",
              "parentUUID": "2eec380c-56f0-4554-8570-72920e28758f",
              "isHook": false,
              "skipped": false
            },
            {
              "title": "Check by total comics",
              "fullTitle": "Test Marvel API Check by total comics",
              "timedOut": null,
              "duration": 1729,
              "state": "failed",
              "speed": null,
              "pass": false,
              "fail": true,
              "pending": false,
              "context": null,
              "code": "cy.request('GET', `https://gateway.marvel.com:443/v1/public/comics?ts=${ts}&apikey=${publicKey}&hash=${hash}`).then(res => {\n  expect(res.body.data).to.have.property('total', 48491);\n  expect(res.body).to.have.property('code', 200);\n});",
              "err": {
                "message": "AssertionError: expected { Object (offset, limit, ...) } to have property 'total' of 48491, but got 48635",
                "estack": "AssertionError: expected { Object (offset, limit, ...) } to have property 'total' of 48491, but got 48635\n    at Context.eval (http://localhost:56612/__cypress/tests?p=cypress/integration/sample.spec.js:37495:37)",
                "diff": "- 48635\n+ 48491\n"
              },
              "uuid": "b59689f9-37a3-42ae-959c-a0c0809739b7",
              "parentUUID": "2eec380c-56f0-4554-8570-72920e28758f",
              "isHook": false,
              "skipped": false
            },
            {
              "title": "Check specific comics",
              "fullTitle": "Test Marvel API Check specific comics",
              "timedOut": null,
              "duration": 277,
              "state": "passed",
              "speed": "slow",
              "pass": true,
              "fail": false,
              "pending": false,
              "context": null,
              "code": "const comicsId = '82967';\nconst title = 'Marvel Previews (2017)';\ncy.request('GET', `https://gateway.marvel.com:443/v1/public/comics/${comicsId}?ts=${ts}&apikey=${publicKey}&hash=${hash}`).then(res => {\n  expect(res.body.data.results[0]).to.have.property('title', title);\n  expect(res.body).to.have.property('code', 200);\n});",
              "err": {},
              "uuid": "1153bae2-bfcd-4067-be6c-48749acc1db9",
              "parentUUID": "2eec380c-56f0-4554-8570-72920e28758f",
              "isHook": false,
              "skipped": false
            }
          ],
          "suites": [],
          "passes": [
            "28495b2f-100b-4d84-ab39-981a1cfcff1d",
            "ebf642b5-0247-4f5a-8dee-de8a7dba0a7a",
            "87c6a524-134e-4adc-93b0-13fb3c178f8e",
            "1153bae2-bfcd-4067-be6c-48749acc1db9"
          ],
          "failures": [
            "b59689f9-37a3-42ae-959c-a0c0809739b7"
          ],
          "pending": [],
          "skipped": [],
          "duration": 4873,
          "root": false,
          "rootEmpty": false,
          "_timeout": 2000
        }
      ],
      "passes": [],
      "failures": [],
      "pending": [],
      "skipped": [],
      "duration": 0,
      "root": true,
      "rootEmpty": true,
      "_timeout": 2000
    }
  ],
  "meta": {
    "mocha": {
      "version": "7.0.1"
    },
    "mochawesome": {
      "options": {
        "quiet": false,
        "reportFilename": "mochawesome",
        "saveHtml": false,
        "saveJson": true,
        "consoleReporter": "spec",
        "useInlineDiffs": false,
        "code": true
      },
      "version": "6.2.2"
    },
    "marge": {
      "options": {
        "id": "default",
        "reportDir": "cypress/reports/mocha",
        "quite": true,
        "overwrite": true,
        "html": false,
        "json": true
      },
      "version": "5.2.0"
    }
  }
}